CSV detalle: exp3_1_detalle.csv
CSV resumen: exp3_1_resumen.csv
Run ID: 20260311_144057
Manager iniciado
Config: vars=50, clauses=250, reps=20, seed=7, splitVar=1, fixed=0, forceUnsat=0, simulateMs=0, csv=on
Rep 0 | Worker1 | x1=0 | UNSAT | t=19.5 s | nodos=11086725 | checks=2042107614 | maxRSS=11332 KB
Rep 0 -> Resultado global 3-SAT: UNSAT
Rep 1 | Worker1 | x1=0 | UNSAT | t=5.70361 s | nodos=2781981 | checks=498388010 | maxRSS=11332 KB
Rep 1 -> Resultado global 3-SAT: UNSAT
Rep 2 | Worker1 | x1=0 | UNSAT | t=16.8682 s | nodos=8752069 | checks=1698218773 | maxRSS=11332 KB
Rep 2 -> Resultado global 3-SAT: UNSAT
Rep 3 | Worker1 | x1=0 | UNSAT | t=19.3896 s | nodos=10483273 | checks=1907991572 | maxRSS=11332 KB
Rep 3 -> Resultado global 3-SAT: UNSAT
Rep 4 | Worker1 | x1=0 | UNSAT | t=8.68664 s | nodos=4122479 | checks=769339101 | maxRSS=11332 KB
Rep 4 -> Resultado global 3-SAT: UNSAT
Rep 5 | Worker1 | x1=0 | UNSAT | t=30.4016 s | nodos=18559525 | checks=3195221412 | maxRSS=11332 KB
Rep 5 -> Resultado global 3-SAT: UNSAT
Rep 6 | Worker1 | x1=0 | UNSAT | t=14.1554 s | nodos=8939997 | checks=1618510703 | maxRSS=11332 KB
Rep 6 -> Resultado global 3-SAT: UNSAT
Rep 7 | Worker1 | x1=0 | UNSAT | t=5.27324 s | nodos=2994131 | checks=552176923 | maxRSS=11332 KB
Rep 7 -> Resultado global 3-SAT: UNSAT
Rep 8 | Worker1 | x1=0 | UNSAT | t=46.3353 s | nodos=25203499 | checks=4813450010 | maxRSS=11332 KB
Rep 8 -> Resultado global 3-SAT: UNSAT
Rep 9 | Worker1 | x1=0 | UNSAT | t=8.67844 s | nodos=5088633 | checks=930183596 | maxRSS=11332 KB
Rep 9 -> Resultado global 3-SAT: UNSAT
Rep 10 | Worker1 | x1=0 | UNSAT | t=8.46935 s | nodos=4014475 | checks=726779655 | maxRSS=11332 KB
Rep 10 -> Resultado global 3-SAT: UNSAT
Rep 11 | Worker1 | x1=0 | UNSAT | t=18.051 s | nodos=10477135 | checks=1818846151 | maxRSS=11332 KB
Rep 11 -> Resultado global 3-SAT: UNSAT
Rep 12 | Worker1 | x1=0 | UNSAT | t=28.0693 s | nodos=13833747 | checks=2523769082 | maxRSS=11332 KB
Rep 12 -> Resultado global 3-SAT: UNSAT
Rep 13 | Worker1 | x1=0 | SAT | t=2.58201 s | nodos=1462719 | checks=254740314 | maxRSS=11332 KB
Rep 13 -> Resultado global 3-SAT: SAT
Rep 14 | Worker1 | x1=0 | UNSAT | t=15.2805 s | nodos=9525677 | checks=1705003105 | maxRSS=11332 KB
Rep 14 -> Resultado global 3-SAT: UNSAT
Rep 15 | Worker1 | x1=0 | UNSAT | t=83.2119 s | nodos=43715213 | checks=8282434636 | maxRSS=11332 KB
Rep 15 -> Resultado global 3-SAT: UNSAT
Rep 16 | Worker1 | x1=0 | UNSAT | t=1.20644 s | nodos=643347 | checks=116889960 | maxRSS=11332 KB
Rep 16 -> Resultado global 3-SAT: UNSAT
Rep 17 | Worker1 | x1=0 | UNSAT | t=32.5192 s | nodos=17388149 | checks=3186460626 | maxRSS=11332 KB
Rep 17 -> Resultado global 3-SAT: UNSAT
Rep 18 | Worker1 | x1=0 | UNSAT | t=33.6706 s | nodos=17917355 | checks=3185701908 | maxRSS=11332 KB
Rep 18 -> Resultado global 3-SAT: UNSAT
Rep 19 | Worker1 | x1=0 | UNSAT | t=36.0694 s | nodos=20396095 | checks=3777186150 | maxRSS=11332 KB
Rep 19 -> Resultado global 3-SAT: UNSAT

===== RESUMEN MEDICION =====
Tiempo total manager: 434.327 s
Promedio por repeticion: 21.7163 s
Tiempo promedio de compute por worker: 10.853 s
Tiempo maximo de compute en un worker: 83.2119 s
Repeticiones SAT: 1/20
Nodos DPLL totales: 237386224
Chequeos de clausulas totales: 43603399301
Max RSS observado: 11332 KB
Mensajes MPI (aprox): 41
Trafico MPI util (aprox): 1128 bytes
============================
	Command being timed: "mpirun -np 2 --hostfile hosts.txt ./sat3_1 --vars 50 --clauses 250 --reps 20 --seed 7 --csv-prefix exp3_1"
	User time (seconds): 195.54
	System time (seconds): 238.34
	Percent of CPU this job got: 99%
	Elapsed (wall clock) time (h:mm:ss or m:ss): 7:15.37
	Average shared text size (kbytes): 0
	Average unshared data size (kbytes): 0
	Average stack size (kbytes): 0
	Average total size (kbytes): 0
	Maximum resident set size (kbytes): 14952
	Average resident set size (kbytes): 0
	Major (requiring I/O) page faults: 0
	Minor (reclaiming a frame) page faults: 2705
	Voluntary context switches: 193
	Involuntary context switches: 2840
	Swaps: 0
	File system inputs: 0
	File system outputs: 40
	Socket messages sent: 0
	Socket messages received: 0
	Signals delivered: 0
	Page size (bytes): 4096
	Exit status: 0
